"d:/Users/Patrick/Documents/GitHub/heroquestdiceroller2/HeroQuestDiceRoller/Content/Blueprints/d6MultiDice.uasset" 0
"d:/Users/Patrick/Documents/GitHub/heroquestdiceroller2/HeroQuestDiceRoller/Content/Blueprints/d6_Hero_old.uasset" 1
"d:/Users/Patrick/Documents/GitHub/heroquestdiceroller2/HeroQuestDiceRoller/Content/Blueprints/d6_Hero.uasset" 2
"d:/Users/Patrick/Documents/GitHub/heroquestdiceroller2/HeroQuestDiceRoller/Content/Mesh/d6/UVforD6_heroQuest_Monster.uasset" 3
"d:/Users/Patrick/Documents/GitHub/heroquestdiceroller2/HeroQuestDiceRoller/Content/Mesh/d6/UVforD6_HQ_Normal.uasset" 4
"d:/Users/Patrick/Documents/GitHub/heroquestdiceroller2/HeroQuestDiceRoller/Content/Mesh/d6/HeroQuestDice_Monster.uasset" 5
"d:/Users/Patrick/Documents/GitHub/heroquestdiceroller2/HeroQuestDiceRoller/Content/Mesh/d6/lambert1.uasset" 6
"d:/Users/Patrick/Documents/GitHub/heroquestdiceroller2/HeroQuestDiceRoller/Content/Mesh/d6/d6_mesh.uasset" 7
"d:/Users/Patrick/Documents/GitHub/heroquestdiceroller2/HeroQuestDiceRoller/Content/Blueprints/d6_monster_old.uasset" 8
"d:/Users/Patrick/Documents/GitHub/heroquestdiceroller2/HeroQuestDiceRoller/Content/Blueprints/d6_monster.uasset" 9
"../../../Engine/Content/EditorBlueprintResources/StandardMacros.uasset" 10
"d:/Users/Patrick/Documents/GitHub/heroquestdiceroller2/HeroQuestDiceRoller/Content/Mesh/d6/d6_new/HeroMaterial.uasset" 11
"d:/Users/Patrick/Documents/GitHub/heroquestdiceroller2/HeroQuestDiceRoller/Content/Mesh/d6/d6_textures/Skull.uasset" 12
"d:/Users/Patrick/Documents/GitHub/heroquestdiceroller2/HeroQuestDiceRoller/Content/Mesh/d6/d6_textures/skull_alpha.uasset" 13
"d:/Users/Patrick/Documents/GitHub/heroquestdiceroller2/HeroQuestDiceRoller/Content/Mesh/d6/d6_new/Material_001.uasset" 14
"d:/Users/Patrick/Documents/GitHub/heroquestdiceroller2/HeroQuestDiceRoller/Content/Mesh/d6/d6_textures/hero_shield.uasset" 15
"d:/Users/Patrick/Documents/GitHub/heroquestdiceroller2/HeroQuestDiceRoller/Content/Mesh/d6/d6_textures/Hero_shield_alpha.uasset" 16
"d:/Users/Patrick/Documents/GitHub/heroquestdiceroller2/HeroQuestDiceRoller/Content/Mesh/d6/d6_new/Material_002.uasset" 17
"d:/Users/Patrick/Documents/GitHub/heroquestdiceroller2/HeroQuestDiceRoller/Content/Mesh/d6/d6_new/Material_003.uasset" 18
"d:/Users/Patrick/Documents/GitHub/heroquestdiceroller2/HeroQuestDiceRoller/Content/Mesh/d6/d6_new/Material_004.uasset" 19
"d:/Users/Patrick/Documents/GitHub/heroquestdiceroller2/HeroQuestDiceRoller/Content/Mesh/d6/d6_new/Material_005.uasset" 20
"d:/Users/Patrick/Documents/GitHub/heroquestdiceroller2/HeroQuestDiceRoller/Content/Mesh/d6/d6_textures/MOnster_shield.uasset" 21
"d:/Users/Patrick/Documents/GitHub/heroquestdiceroller2/HeroQuestDiceRoller/Content/Mesh/d6/d6_textures/MOnster_shield_alpha.uasset" 22
"d:/Users/Patrick/Documents/GitHub/heroquestdiceroller2/HeroQuestDiceRoller/Content/Mesh/d6/d6_new/Material_006.uasset" 23
"d:/Users/Patrick/Documents/GitHub/heroquestdiceroller2/HeroQuestDiceRoller/Content/Mesh/d6/d6_new/d6_collisionmesh.uasset" 24
"d:/Users/Patrick/Documents/GitHub/heroquestdiceroller2/HeroQuestDiceRoller/Content/Mesh/d6/d6_new/d6_7mats.uasset" 25
"d:/Users/Patrick/Documents/GitHub/heroquestdiceroller2/HeroQuestDiceRoller/Content/Blueprints/D6Hero.uasset" 26
"d:/Users/Patrick/Documents/GitHub/heroquestdiceroller2/HeroQuestDiceRoller/Content/Mesh/d6/d6_new/MonsterMaterial.uasset" 27
"d:/Users/Patrick/Documents/GitHub/heroquestdiceroller2/HeroQuestDiceRoller/Content/Blueprints/D6Monster.uasset" 28
"../../../Engine/Content/EditorBlueprintResources/ActorMacros.uasset" 29
"d:/Users/Patrick/Documents/GitHub/heroquestdiceroller2/HeroQuestDiceRoller/Content/Blueprints/Widgets/DiceRoller_MenuHost.uasset" 30
"d:/Users/Patrick/Documents/GitHub/heroquestdiceroller2/HeroQuestDiceRoller/Content/Blueprints/Widgets/DiceRoller_MenuServerButton.uasset" 31
"d:/Users/Patrick/Documents/GitHub/heroquestdiceroller2/HeroQuestDiceRoller/Content/Blueprints/Widgets/DiceRoller_MenuJoin.uasset" 32
"d:/Users/Patrick/Documents/GitHub/heroquestdiceroller2/HeroQuestDiceRoller/Content/Images/kindpng_5550172.uasset" 33
"d:/Users/Patrick/Documents/GitHub/heroquestdiceroller2/HeroQuestDiceRoller/Content/Blueprints/Widgets/DiceRoller_MenuMain.uasset" 34
"d:/Users/Patrick/Documents/GitHub/heroquestdiceroller2/HeroQuestDiceRoller/Content/Blueprints/BP_GameInstance.uasset" 35
"../../../Engine/Content/Animation/DefaultAnimBoneCompressionSettings.uasset" 36
"d:/Users/Patrick/Documents/GitHub/heroquestdiceroller2/HeroQuestDiceRoller/Content/Assets/Mesh/UE4_Mannequin_Skeleton.uasset" 37
"d:/Users/Patrick/Documents/GitHub/heroquestdiceroller2/HeroQuestDiceRoller/Content/Assets/Animations/ThirdPerson_Jump.uasset" 38
"d:/Users/Patrick/Documents/GitHub/heroquestdiceroller2/HeroQuestDiceRoller/Content/Assets/Animations/ThirdPersonJump_Loop.uasset" 39
"d:/Users/Patrick/Documents/GitHub/heroquestdiceroller2/HeroQuestDiceRoller/Content/Assets/Animations/ThirdPersonJump_Start.uasset" 40
"d:/Users/Patrick/Documents/GitHub/heroquestdiceroller2/HeroQuestDiceRoller/Content/Assets/Animations/ThirdPersonIdle.uasset" 41
"d:/Users/Patrick/Documents/GitHub/heroquestdiceroller2/HeroQuestDiceRoller/Content/Assets/Animations/ThirdPersonRun.uasset" 42
"d:/Users/Patrick/Documents/GitHub/heroquestdiceroller2/HeroQuestDiceRoller/Content/Assets/Animations/ThirdPersonWalk.uasset" 43
"d:/Users/Patrick/Documents/GitHub/heroquestdiceroller2/HeroQuestDiceRoller/Content/Assets/Animations/ThirdPerson_IdleRun_2D.uasset" 44
"d:/Users/Patrick/Documents/GitHub/heroquestdiceroller2/HeroQuestDiceRoller/Content/Assets/Animations/ThirdPerson_AnimBP.uasset" 45
"../../../Engine/Content/Functions/Engine_MaterialFunctions02/Utility/BlendAngleCorrectedNormals.uasset" 46
"../../../Engine/Content/Functions/MaterialLayerFunctions/MatLayerBlend_NormalBlend.uasset" 47
"../../../Engine/Content/Functions/MaterialLayerFunctions/MatLayerBlend_Simple.uasset" 48
"d:/Users/Patrick/Documents/GitHub/heroquestdiceroller2/HeroQuestDiceRoller/Content/Assets/Materials/MaterialLayers/T_ML_Rubber_Blue_01_D.uasset" 49
"d:/Users/Patrick/Documents/GitHub/heroquestdiceroller2/HeroQuestDiceRoller/Content/Assets/Materials/MaterialLayers/T_ML_Rubber_Blue_01_N.uasset" 50
"d:/Users/Patrick/Documents/GitHub/heroquestdiceroller2/HeroQuestDiceRoller/Content/Assets/Materials/MaterialLayers/ML_GlossyBlack_Latex_UE4.uasset" 51
"d:/Users/Patrick/Documents/GitHub/heroquestdiceroller2/HeroQuestDiceRoller/Content/Assets/Materials/MaterialLayers/ML_Plastic_Shiny_Beige.uasset" 52
"d:/Users/Patrick/Documents/GitHub/heroquestdiceroller2/HeroQuestDiceRoller/Content/Assets/Materials/MaterialLayers/ML_Plastic_Shiny_Beige_LOGO.uasset" 53
"d:/Users/Patrick/Documents/GitHub/heroquestdiceroller2/HeroQuestDiceRoller/Content/Assets/Materials/MaterialLayers/T_ML_Aluminum01.uasset" 54
"d:/Users/Patrick/Documents/GitHub/heroquestdiceroller2/HeroQuestDiceRoller/Content/Assets/Materials/MaterialLayers/T_ML_Aluminum01_N.uasset" 55
"d:/Users/Patrick/Documents/GitHub/heroquestdiceroller2/HeroQuestDiceRoller/Content/Assets/Materials/MaterialLayers/ML_SoftMetal_UE4.uasset" 56
"d:/Users/Patrick/Documents/GitHub/heroquestdiceroller2/HeroQuestDiceRoller/Content/Assets/Materials/M_UE4Man_Body.uasset" 57
"d:/Users/Patrick/Documents/GitHub/heroquestdiceroller2/HeroQuestDiceRoller/Content/Assets/Materials/M_UE4Man_ChestLogo.uasset" 58
"d:/Users/Patrick/Documents/GitHub/heroquestdiceroller2/HeroQuestDiceRoller/Content/Assets/Mesh/SK_Mannequin_PhysicsAsset.uasset" 59
"d:/Users/Patrick/Documents/GitHub/heroquestdiceroller2/HeroQuestDiceRoller/Content/Assets/Mesh/SK_Mannequin.uasset" 60
"d:/Users/Patrick/Documents/GitHub/heroquestdiceroller2/HeroQuestDiceRoller/Content/Blueprints/BP_Player.uasset" 61
"d:/Users/Patrick/Documents/GitHub/heroquestdiceroller2/HeroQuestDiceRoller/Content/Blueprints/ChatMessageStructure.uasset" 62
"d:/Users/Patrick/Documents/GitHub/heroquestdiceroller2/HeroQuestDiceRoller/Content/Blueprints/UI/NewGameMOde.uasset" 63
"d:/Users/Patrick/Documents/GitHub/heroquestdiceroller2/HeroQuestDiceRoller/Content/Blueprints/UI/ChatMessageChild.uasset" 64
"d:/Users/Patrick/Documents/GitHub/heroquestdiceroller2/HeroQuestDiceRoller/Content/Blueprints/UI/ChatWindow.uasset" 65
"d:/Users/Patrick/Documents/GitHub/heroquestdiceroller2/HeroQuestDiceRoller/Content/Blueprints/UI/LoadingScreen.uasset" 66
"d:/Users/Patrick/Documents/GitHub/heroquestdiceroller2/HeroQuestDiceRoller/Content/Blueprints/BP_PlayerController.uasset" 67
"d:/Users/Patrick/Documents/GitHub/heroquestdiceroller2/HeroQuestDiceRoller/Content/Blueprints/UI/PlayerChild.uasset" 68
"d:/Users/Patrick/Documents/GitHub/heroquestdiceroller2/HeroQuestDiceRoller/Content/Blueprints/UI/UI_main.uasset" 69
"d:/Users/Patrick/Documents/GitHub/heroquestdiceroller2/HeroQuestDiceRoller/Content/Blueprints/UI/Escape_menu.uasset" 70
"d:/Users/Patrick/Documents/GitHub/heroquestdiceroller2/HeroQuestDiceRoller/Content/Blueprints/Escape_menu.uasset" 71
"d:/Users/Patrick/Documents/GitHub/heroquestdiceroller2/HeroQuestDiceRoller/Content/Maps/GameLvl_pb_BuiltData.uasset" 72
"d:/Users/Patrick/Documents/GitHub/heroquestdiceroller2/HeroQuestDiceRoller/Content/Blueprints/GameLvl_pb_BuiltData.uasset" 73
"d:/Users/Patrick/Documents/GitHub/heroquestdiceroller2/HeroQuestDiceRoller/Content/Blueprints/MovementTrapFast.uasset" 74
"d:/Users/Patrick/Documents/GitHub/heroquestdiceroller2/HeroQuestDiceRoller/Content/Blueprints/PlaceholderActor.uasset" 75
"d:/Users/Patrick/Documents/GitHub/heroquestdiceroller2/HeroQuestDiceRoller/Content/Blueprints/UI_main.uasset" 76
"d:/Users/Patrick/Documents/GitHub/heroquestdiceroller2/HeroQuestDiceRoller/Content/Blueprints/UI/KickMessage.uasset" 77
"d:/Users/Patrick/Documents/GitHub/heroquestdiceroller2/HeroQuestDiceRoller/Content/Blueprints/UI/Player.uasset" 78
"d:/Users/Patrick/Documents/GitHub/heroquestdiceroller2/HeroQuestDiceRoller/Content/Blueprints/UI/BP_PlayerController.uasset" 79
"d:/Users/Patrick/Documents/GitHub/heroquestdiceroller2/HeroQuestDiceRoller/Content/Blueprints/UI/PlayerController.uasset" 80
"d:/Users/Patrick/Documents/GitHub/heroquestdiceroller2/HeroQuestDiceRoller/Content/Blueprints/UI/PlayerInfoBox.uasset" 81
"d:/Users/Patrick/Documents/GitHub/heroquestdiceroller2/HeroQuestDiceRoller/Content/MedievalDungeon/Materials/M_Flicker_Light_Function.uasset" 82
"../../../Engine/Content/Functions/Engine_MaterialFunctions01/Gradient/LinearGradient.uasset" 83
"../../../Engine/Content/Functions/Engine_MaterialFunctions01/ImageAdjustment/CheapContrast.uasset" 84
"../../../Engine/Content/Functions/Engine_MaterialFunctions02/Math/MultiplyAdd.uasset" 85
"../../../Engine/Content/Functions/Engine_MaterialFunctions02/Texturing/ScreenAlignedPixelToPixelUVs.uasset" 86
"../../../Engine/Content/EngineMaterials/Good64x64TilingNoiseHighFreq.uasset" 87
"../../../Engine/Content/Functions/Engine_MaterialFunctions02/Utility/DitherTemporalAA.uasset" 88
"d:/Users/Patrick/Documents/GitHub/heroquestdiceroller2/HeroQuestDiceRoller/Content/MedievalDungeon/Materials/M_Master.uasset" 89
"d:/Users/Patrick/Documents/GitHub/heroquestdiceroller2/HeroQuestDiceRoller/Content/MedievalDungeon/Materials/M_Wood_Inst.uasset" 90
"../../../Engine/Content/Functions/Engine_MaterialFunctions02/SafeNormalize.uasset" 91
"../../../Engine/Content/Functions/Engine_MaterialFunctions02/Math/CreateThirdOrthogonalVector.uasset" 92
"../../../Engine/Content/Functions/Engine_MaterialFunctions02/Math/InverseTransformMatrix.uasset" 93
"../../../Engine/Content/Functions/Engine_MaterialFunctions02/Math/TransformToZVector.uasset" 94
"../../../Engine/Content/Functions/Engine_MaterialFunctions02/Utility/CameraDirectionVector.uasset" 95
"../../../Engine/Content/Functions/Engine_MaterialFunctions02/Utility/VectorLength.uasset" 96
"../../../Engine/Content/EngineVolumetrics/Fogsheet/Materials/T_EV_BlankWhite_01.uasset" 97
"../../../Engine/Content/Functions/Engine_MaterialFunctions01/Texturing/ParallaxOcclusionMapping.uasset" 98
"d:/Users/Patrick/Documents/GitHub/heroquestdiceroller2/HeroQuestDiceRoller/Content/MedievalDungeon/Materials/M_Tiling_Master.uasset" 99
"d:/Users/Patrick/Documents/GitHub/heroquestdiceroller2/HeroQuestDiceRoller/Content/MedievalDungeon/Textures/T_StoneWall_A.uasset" 100
"d:/Users/Patrick/Documents/GitHub/heroquestdiceroller2/HeroQuestDiceRoller/Content/MedievalDungeon/Textures/T_StoneWall_C.uasset" 101
"d:/Users/Patrick/Documents/GitHub/heroquestdiceroller2/HeroQuestDiceRoller/Content/MedievalDungeon/Textures/T_StoneWall_H.uasset" 102
"d:/Users/Patrick/Documents/GitHub/heroquestdiceroller2/HeroQuestDiceRoller/Content/MedievalDungeon/Textures/T_StoneWall_N.uasset" 103
"d:/Users/Patrick/Documents/GitHub/heroquestdiceroller2/HeroQuestDiceRoller/Content/MedievalDungeon/Materials/M_StoneWall_Inst.uasset" 104
"d:/Users/Patrick/Documents/GitHub/heroquestdiceroller2/HeroQuestDiceRoller/Content/MedievalDungeon/Meshes/Architecture/Crypt/SM_Crypt_Ceiling.uasset" 105
"d:/Users/Patrick/Documents/GitHub/heroquestdiceroller2/HeroQuestDiceRoller/Content/MedievalDungeon/Textures/T_Ceiling_Arch_Albedo.uasset" 106
"d:/Users/Patrick/Documents/GitHub/heroquestdiceroller2/HeroQuestDiceRoller/Content/MedievalDungeon/Textures/T_Ceiling_Arch_Compact.uasset" 107
"d:/Users/Patrick/Documents/GitHub/heroquestdiceroller2/HeroQuestDiceRoller/Content/MedievalDungeon/Textures/T_Ceiling_Arch_Normal.uasset" 108
"d:/Users/Patrick/Documents/GitHub/heroquestdiceroller2/HeroQuestDiceRoller/Content/MedievalDungeon/Materials/M_Ceiling_Arch_Inst.uasset" 109
"d:/Users/Patrick/Documents/GitHub/heroquestdiceroller2/HeroQuestDiceRoller/Content/MedievalDungeon/Meshes/Architecture/Crypt/SM_Crypt_Ceiling_Arch_A.uasset" 110
"d:/Users/Patrick/Documents/GitHub/heroquestdiceroller2/HeroQuestDiceRoller/Content/MedievalDungeon/Meshes/Architecture/Crypt/SM_Crypt_Ceiling_Flat.uasset" 111
"d:/Users/Patrick/Documents/GitHub/heroquestdiceroller2/HeroQuestDiceRoller/Content/MedievalDungeon/Meshes/Architecture/Crypt/SM_Crypt_Ceiling_Half.uasset" 112
"d:/Users/Patrick/Documents/GitHub/heroquestdiceroller2/HeroQuestDiceRoller/Content/MedievalDungeon/Meshes/Architecture/Crypt/SM_Crypt_Ceiling_Half_B.uasset" 113
"d:/Users/Patrick/Documents/GitHub/heroquestdiceroller2/HeroQuestDiceRoller/Content/MedievalDungeon/Meshes/Architecture/Crypt/SM_Crypt_Doorway.uasset" 114
"d:/Users/Patrick/Documents/GitHub/heroquestdiceroller2/HeroQuestDiceRoller/Content/MedievalDungeon/Textures/T_BrickFloor_Clean_A.uasset" 115
"d:/Users/Patrick/Documents/GitHub/heroquestdiceroller2/HeroQuestDiceRoller/Content/MedievalDungeon/Textures/T_BrickFloor_Clean_C.uasset" 116
"d:/Users/Patrick/Documents/GitHub/heroquestdiceroller2/HeroQuestDiceRoller/Content/MedievalDungeon/Textures/T_BrickFloor_Clean_H.uasset" 117
"d:/Users/Patrick/Documents/GitHub/heroquestdiceroller2/HeroQuestDiceRoller/Content/MedievalDungeon/Textures/T_BrickFloor_Clean_N.uasset" 118
"d:/Users/Patrick/Documents/GitHub/heroquestdiceroller2/HeroQuestDiceRoller/Content/MedievalDungeon/Materials/M_BrickFloor_Clean_Inst.uasset" 119
"d:/Users/Patrick/Documents/GitHub/heroquestdiceroller2/HeroQuestDiceRoller/Content/MedievalDungeon/Meshes/Architecture/Crypt/SM_Crypt_Floor.uasset" 120
"d:/Users/Patrick/Documents/GitHub/heroquestdiceroller2/HeroQuestDiceRoller/Content/MedievalDungeon/Meshes/Architecture/Crypt/SM_Crypt_Floor_Concave.uasset" 121
"d:/Users/Patrick/Documents/GitHub/heroquestdiceroller2/HeroQuestDiceRoller/Content/MedievalDungeon/Meshes/Architecture/Crypt/SM_Crypt_Floor_Concave_End_A.uasset" 122
"d:/Users/Patrick/Documents/GitHub/heroquestdiceroller2/HeroQuestDiceRoller/Content/MedievalDungeon/Meshes/Architecture/Crypt/SM_Crypt_Floor_Concave_End_B.uasset" 123
"d:/Users/Patrick/Documents/GitHub/heroquestdiceroller2/HeroQuestDiceRoller/Content/MedievalDungeon/Textures/T_Edge_Stones_And_Straight_Column_Texturing_Albedo.uasset" 124
"d:/Users/Patrick/Documents/GitHub/heroquestdiceroller2/HeroQuestDiceRoller/Content/MedievalDungeon/Textures/T_Edge_Stones_And_Straight_Column_Texturing_Compact.uasset" 125
"d:/Users/Patrick/Documents/GitHub/heroquestdiceroller2/HeroQuestDiceRoller/Content/MedievalDungeon/Textures/T_Edge_Stones_And_Straight_Column_Texturing_Normal.uasset" 126
"d:/Users/Patrick/Documents/GitHub/heroquestdiceroller2/HeroQuestDiceRoller/Content/MedievalDungeon/Materials/M_Edge_Stones_Inst.uasset" 127
"d:/Users/Patrick/Documents/GitHub/heroquestdiceroller2/HeroQuestDiceRoller/Content/MedievalDungeon/Textures/T_Pillar_A.uasset" 128
"d:/Users/Patrick/Documents/GitHub/heroquestdiceroller2/HeroQuestDiceRoller/Content/MedievalDungeon/Textures/T_Pillar_C.uasset" 129
"d:/Users/Patrick/Documents/GitHub/heroquestdiceroller2/HeroQuestDiceRoller/Content/MedievalDungeon/Textures/T_Pillar_N.uasset" 130
"d:/Users/Patrick/Documents/GitHub/heroquestdiceroller2/HeroQuestDiceRoller/Content/MedievalDungeon/Materials/M_Pillar_Inst.uasset" 131
"d:/Users/Patrick/Documents/GitHub/heroquestdiceroller2/HeroQuestDiceRoller/Content/MedievalDungeon/Meshes/Architecture/Crypt/SM_Crypt_Pillar.uasset" 132
"d:/Users/Patrick/Documents/GitHub/heroquestdiceroller2/HeroQuestDiceRoller/Content/MedievalDungeon/Meshes/Architecture/Crypt/SM_Crypt_Wall.uasset" 133
"d:/Users/Patrick/Documents/GitHub/heroquestdiceroller2/HeroQuestDiceRoller/Content/MedievalDungeon/Meshes/Architecture/Crypt/SM_Crypt_Wall_Decorative_A.uasset" 134
"d:/Users/Patrick/Documents/GitHub/heroquestdiceroller2/HeroQuestDiceRoller/Content/MedievalDungeon/Meshes/Architecture/Crypt/SM_Crypt_Wall_Decorative_B.uasset" 135
"d:/Users/Patrick/Documents/GitHub/heroquestdiceroller2/HeroQuestDiceRoller/Content/MedievalDungeon/Meshes/Architecture/Crypt/SM_Crypt_Wall_Decorative_C.uasset" 136
"d:/Users/Patrick/Documents/GitHub/heroquestdiceroller2/HeroQuestDiceRoller/Content/MedievalDungeon/Meshes/Architecture/Crypt/SM_Crypt_Wall_Decorative_D.uasset" 137
"d:/Users/Patrick/Documents/GitHub/heroquestdiceroller2/HeroQuestDiceRoller/Content/MedievalDungeon/Meshes/Architecture/Crypt/SM_Crypt_Wall_Floor_Trim.uasset" 138
"d:/Users/Patrick/Documents/GitHub/heroquestdiceroller2/HeroQuestDiceRoller/Content/MedievalDungeon/Meshes/Architecture/Crypt/SM_Crypt_Wall_Half.uasset" 139
"d:/Users/Patrick/Documents/GitHub/heroquestdiceroller2/HeroQuestDiceRoller/Content/MedievalDungeon/Materials/M_Tiling_Plaster_Inst.uasset" 140
"d:/Users/Patrick/Documents/GitHub/heroquestdiceroller2/HeroQuestDiceRoller/Content/MedievalDungeon/Meshes/Architecture/Crypt/SM_Crypt_Wall_Plaster.uasset" 141
"d:/Users/Patrick/Documents/GitHub/heroquestdiceroller2/HeroQuestDiceRoller/Content/MedievalDungeon/Meshes/Architecture/Crypt/SM_Crypt_Wall_Stop_Gap.uasset" 142
"d:/Users/Patrick/Documents/GitHub/heroquestdiceroller2/HeroQuestDiceRoller/Content/MedievalDungeon/Meshes/Architecture/Crypt/SM_Mausoleum.uasset" 143
"d:/Users/Patrick/Documents/GitHub/heroquestdiceroller2/HeroQuestDiceRoller/Content/MedievalDungeon/Meshes/Architecture/Crypt/SM_Mausoleum_Ceiling.uasset" 144
"d:/Users/Patrick/Documents/GitHub/heroquestdiceroller2/HeroQuestDiceRoller/Content/MedievalDungeon/Meshes/Architecture/Crypt/SM_Mausoleum_Lid_A.uasset" 145
"d:/Users/Patrick/Documents/GitHub/heroquestdiceroller2/HeroQuestDiceRoller/Content/MedievalDungeon/Meshes/Architecture/Crypt/SM_Mausoleum_Lid_B.uasset" 146
"d:/Users/Patrick/Documents/GitHub/heroquestdiceroller2/HeroQuestDiceRoller/Content/MedievalDungeon/Meshes/Architecture/Crypt/SM_Mausoleum_Lid_C.uasset" 147
"d:/Users/Patrick/Documents/GitHub/heroquestdiceroller2/HeroQuestDiceRoller/Content/MedievalDungeon/Meshes/Architecture/Dungeon/SM_Ceiling.uasset" 148
"d:/Users/Patrick/Documents/GitHub/heroquestdiceroller2/HeroQuestDiceRoller/Content/MedievalDungeon/Meshes/Architecture/Dungeon/SM_Ceiling_Arch_B.uasset" 149
"d:/Users/Patrick/Documents/GitHub/heroquestdiceroller2/HeroQuestDiceRoller/Content/MedievalDungeon/Meshes/Architecture/Dungeon/SM_Ceiling_Flat.uasset" 150
"d:/Users/Patrick/Documents/GitHub/heroquestdiceroller2/HeroQuestDiceRoller/Content/MedievalDungeon/Meshes/Architecture/Dungeon/SM_Ceiling_Flat_Half.uasset" 151
"d:/Users/Patrick/Documents/GitHub/heroquestdiceroller2/HeroQuestDiceRoller/Content/MedievalDungeon/Meshes/Architecture/Dungeon/SM_Ceiling_Half.uasset" 152
"d:/Users/Patrick/Documents/GitHub/heroquestdiceroller2/HeroQuestDiceRoller/Content/MedievalDungeon/Meshes/Architecture/Dungeon/SM_Ceiling_Piece.uasset" 153
"d:/Users/Patrick/Documents/GitHub/heroquestdiceroller2/HeroQuestDiceRoller/Content/MedievalDungeon/Meshes/Architecture/Dungeon/SM_Ceiling_Piece_B.uasset" 154
"d:/Users/Patrick/Documents/GitHub/heroquestdiceroller2/HeroQuestDiceRoller/Content/MedievalDungeon/Meshes/Architecture/Dungeon/SM_Ceiling_Third.uasset" 155
"d:/Users/Patrick/Documents/GitHub/heroquestdiceroller2/HeroQuestDiceRoller/Content/MedievalDungeon/Meshes/Architecture/Dungeon/SM_Ceiling_Third_Reverse.uasset" 156
"d:/Users/Patrick/Documents/GitHub/heroquestdiceroller2/HeroQuestDiceRoller/Content/MedievalDungeon/Meshes/Architecture/Dungeon/SM_Cell_Door.uasset" 157
"d:/Users/Patrick/Documents/GitHub/heroquestdiceroller2/HeroQuestDiceRoller/Content/MedievalDungeon/Meshes/Architecture/Dungeon/SM_Cell_Front.uasset" 158
"d:/Users/Patrick/Documents/GitHub/heroquestdiceroller2/HeroQuestDiceRoller/Content/MedievalDungeon/Meshes/Architecture/Dungeon/SM_Cell_Side.uasset" 159
"d:/Users/Patrick/Documents/GitHub/heroquestdiceroller2/HeroQuestDiceRoller/Content/MedievalDungeon/Meshes/Architecture/Dungeon/SM_DoorWay.uasset" 160
"d:/Users/Patrick/Documents/GitHub/heroquestdiceroller2/HeroQuestDiceRoller/Content/MedievalDungeon/Meshes/Architecture/Dungeon/SM_DoorWay_Large_Door_Left.uasset" 161
"d:/Users/Patrick/Documents/GitHub/heroquestdiceroller2/HeroQuestDiceRoller/Content/MedievalDungeon/Meshes/Architecture/Dungeon/SM_DoorWay_Large_Door_Right.uasset" 162
"../../../Engine/Content/Functions/Engine_MaterialFunctions01/Opacity/CameraDepthFade.uasset" 163
"../../../Engine/Content/EngineMaterials/T_Default_Material_Grid_M.uasset" 164
"../../../Engine/Content/EngineMaterials/T_Default_Material_Grid_N.uasset" 165
"../../../Engine/Content/EngineMaterials/WorldGridMaterial.uasset" 166
"d:/Users/Patrick/Documents/GitHub/heroquestdiceroller2/HeroQuestDiceRoller/Content/MedievalDungeon/Meshes/Architecture/Dungeon/SM_Dungeon_Wall.uasset" 167
"d:/Users/Patrick/Documents/GitHub/heroquestdiceroller2/HeroQuestDiceRoller/Content/MedievalDungeon/Textures/T_Dungeon_Wall_Decorative_A_A.uasset" 168
"d:/Users/Patrick/Documents/GitHub/heroquestdiceroller2/HeroQuestDiceRoller/Content/MedievalDungeon/Textures/T_Dungeon_Wall_Decorative_A_C.uasset" 169
"d:/Users/Patrick/Documents/GitHub/heroquestdiceroller2/HeroQuestDiceRoller/Content/MedievalDungeon/Textures/T_Dungeon_Wall_Decorative_A_N.uasset" 170
"d:/Users/Patrick/Documents/GitHub/heroquestdiceroller2/HeroQuestDiceRoller/Content/MedievalDungeon/Materials/M_Dungeon_Wall_Decorative_A_Inst.uasset" 171
"d:/Users/Patrick/Documents/GitHub/heroquestdiceroller2/HeroQuestDiceRoller/Content/MedievalDungeon/Meshes/Architecture/Dungeon/SM_Dungeon_Wall_Decorative_A.uasset" 172
"d:/Users/Patrick/Documents/GitHub/heroquestdiceroller2/HeroQuestDiceRoller/Content/MedievalDungeon/Meshes/Architecture/Dungeon/SM_Dungeon_Wall_Decorative_D.uasset" 173
"d:/Users/Patrick/Documents/GitHub/heroquestdiceroller2/HeroQuestDiceRoller/Content/MedievalDungeon/Meshes/Architecture/Dungeon/SM_Dungeon_Wall_Half.uasset" 174
"d:/Users/Patrick/Documents/GitHub/heroquestdiceroller2/HeroQuestDiceRoller/Content/MedievalDungeon/Meshes/Architecture/Dungeon/SM_Fire_Pit.uasset" 175
"d:/Users/Patrick/Documents/GitHub/heroquestdiceroller2/HeroQuestDiceRoller/Content/MedievalDungeon/Textures/T_Half_Arch_A.uasset" 176
"d:/Users/Patrick/Documents/GitHub/heroquestdiceroller2/HeroQuestDiceRoller/Content/MedievalDungeon/Textures/T_Half_Arch_C.uasset" 177
"d:/Users/Patrick/Documents/GitHub/heroquestdiceroller2/HeroQuestDiceRoller/Content/MedievalDungeon/Textures/T_Half_Arch_N.uasset" 178
"d:/Users/Patrick/Documents/GitHub/heroquestdiceroller2/HeroQuestDiceRoller/Content/MedievalDungeon/Materials/M_Half_Arch_Inst.uasset" 179
"d:/Users/Patrick/Documents/GitHub/heroquestdiceroller2/HeroQuestDiceRoller/Content/MedievalDungeon/Meshes/Architecture/Dungeon/SM_Half_Arch.uasset" 180
"d:/Users/Patrick/Documents/GitHub/heroquestdiceroller2/HeroQuestDiceRoller/Content/MedievalDungeon/Meshes/Architecture/Dungeon/SM_Large_Window_Half.uasset" 181
"d:/Users/Patrick/Documents/GitHub/heroquestdiceroller2/HeroQuestDiceRoller/Content/MedievalDungeon/Meshes/Architecture/Dungeon/SM_Pillar.uasset" 182
"d:/Users/Patrick/Documents/GitHub/heroquestdiceroller2/HeroQuestDiceRoller/Content/MedievalDungeon/Meshes/Architecture/Dungeon/SM_Small_Window_Half.uasset" 183
"d:/Users/Patrick/Documents/GitHub/heroquestdiceroller2/HeroQuestDiceRoller/Content/MedievalDungeon/Textures/T_Stairs_10_Albedo.uasset" 184
"d:/Users/Patrick/Documents/GitHub/heroquestdiceroller2/HeroQuestDiceRoller/Content/MedievalDungeon/Textures/T_Stairs_10_Compact.uasset" 185
"d:/Users/Patrick/Documents/GitHub/heroquestdiceroller2/HeroQuestDiceRoller/Content/MedievalDungeon/Textures/T_Stairs_10_Normal.uasset" 186
"d:/Users/Patrick/Documents/GitHub/heroquestdiceroller2/HeroQuestDiceRoller/Content/MedievalDungeon/Materials/M_Stairs_10_Inst.uasset" 187
"d:/Users/Patrick/Documents/GitHub/heroquestdiceroller2/HeroQuestDiceRoller/Content/MedievalDungeon/Meshes/Architecture/Dungeon/SM_Stairs_5.uasset" 188
"d:/Users/Patrick/Documents/GitHub/heroquestdiceroller2/HeroQuestDiceRoller/Content/MedievalDungeon/Meshes/Architecture/Dungeon/SM_Wall_Floor_Trim.uasset" 189
"d:/Users/Patrick/Documents/GitHub/heroquestdiceroller2/HeroQuestDiceRoller/Content/MedievalDungeon/Meshes/Architecture/Dungeon/Wall_Short.uasset" 190
"d:/Users/Patrick/Documents/GitHub/heroquestdiceroller2/HeroQuestDiceRoller/Content/MedievalDungeon/Textures/T_Chains_Texturing_A.uasset" 191
"d:/Users/Patrick/Documents/GitHub/heroquestdiceroller2/HeroQuestDiceRoller/Content/MedievalDungeon/Textures/T_Chains_Texturing_C.uasset" 192
"d:/Users/Patrick/Documents/GitHub/heroquestdiceroller2/HeroQuestDiceRoller/Content/MedievalDungeon/Textures/T_Chains_Texturing_N.uasset" 193
"d:/Users/Patrick/Documents/GitHub/heroquestdiceroller2/HeroQuestDiceRoller/Content/MedievalDungeon/Materials/M_Chains_Inst.uasset" 194
"d:/Users/Patrick/Documents/GitHub/heroquestdiceroller2/HeroQuestDiceRoller/Content/MedievalDungeon/Meshes/Props/SM_Decor_Chains_B.uasset" 195
"d:/Users/Patrick/Documents/GitHub/heroquestdiceroller2/HeroQuestDiceRoller/Content/MedievalDungeon/Particles/Textures/T_CandleFlame.uasset" 196
"d:/Users/Patrick/Documents/GitHub/heroquestdiceroller2/HeroQuestDiceRoller/Content/MedievalDungeon/Particles/Materials/M_CandleFlame.uasset" 197
"d:/Users/Patrick/Documents/GitHub/heroquestdiceroller2/HeroQuestDiceRoller/Content/MedievalDungeon/Particles/PS_CandleFlame.uasset" 198
"d:/Users/Patrick/Documents/GitHub/heroquestdiceroller2/HeroQuestDiceRoller/Content/MedievalDungeon/Particles/Textures/T_Fire_SubUV.uasset" 199
"d:/Users/Patrick/Documents/GitHub/heroquestdiceroller2/HeroQuestDiceRoller/Content/MedievalDungeon/Particles/Textures/T_Fire_Tiled_D.uasset" 200
"d:/Users/Patrick/Documents/GitHub/heroquestdiceroller2/HeroQuestDiceRoller/Content/MedievalDungeon/Particles/Materials/M_Fire_SubUV.uasset" 201
"d:/Users/Patrick/Documents/GitHub/heroquestdiceroller2/HeroQuestDiceRoller/Content/MedievalDungeon/Particles/Materials/M_Heat_Distortion.uasset" 202
"../../../Engine/Content/Functions/Engine_MaterialFunctions01/Gradient/RadialGradient.uasset" 203
"d:/Users/Patrick/Documents/GitHub/heroquestdiceroller2/HeroQuestDiceRoller/Content/MedievalDungeon/Particles/Materials/M_Radial_Gradient.uasset" 204
"d:/Users/Patrick/Documents/GitHub/heroquestdiceroller2/HeroQuestDiceRoller/Content/MedievalDungeon/Particles/Textures/T_Smoke_SubUV.uasset" 205
"d:/Users/Patrick/Documents/GitHub/heroquestdiceroller2/HeroQuestDiceRoller/Content/MedievalDungeon/Particles/Textures/T_Smoke_Tiled_D.uasset" 206
"d:/Users/Patrick/Documents/GitHub/heroquestdiceroller2/HeroQuestDiceRoller/Content/MedievalDungeon/Particles/Materials/M_smoke_subUV.uasset" 207
"d:/Users/Patrick/Documents/GitHub/heroquestdiceroller2/HeroQuestDiceRoller/Content/MedievalDungeon/Particles/P_Pit_Fire.uasset" 208
"d:/Users/Patrick/Documents/GitHub/heroquestdiceroller2/HeroQuestDiceRoller/Content/MedievalDungeon/Textures/T_Medieval_Dungeon_LUT.uasset" 209
"d:/Users/Patrick/Documents/GitHub/heroquestdiceroller2/HeroQuestDiceRoller/Content/MedievalDungeon/Textures/T_Steps_A.uasset" 210
"d:/Users/Patrick/Documents/GitHub/heroquestdiceroller2/HeroQuestDiceRoller/Content/MedievalDungeon/Textures/T_Steps_C.uasset" 211
"d:/Users/Patrick/Documents/GitHub/heroquestdiceroller2/HeroQuestDiceRoller/Content/MedievalDungeon/Textures/T_Steps_N.uasset" 212
"d:/Users/Patrick/Documents/GitHub/heroquestdiceroller2/HeroQuestDiceRoller/Content/Mesh/d6/UVforD6_heroQuest_full.uasset" 213
"d:/Users/Patrick/Documents/GitHub/heroquestdiceroller2/HeroQuestDiceRoller/Content/Mesh/d6/HeroQuestDice.uasset" 214
"d:/Users/Patrick/Documents/GitHub/heroquestdiceroller2/HeroQuestDiceRoller/Content/Mesh/d6/UVforD6.uasset" 215
"d:/Users/Patrick/Documents/GitHub/heroquestdiceroller2/HeroQuestDiceRoller/Content/Mesh/d6/UVforD6_Heroquest.uasset" 216
"d:/Users/Patrick/Documents/GitHub/heroquestdiceroller2/HeroQuestDiceRoller/Content/Mesh/d6/UVforD6_pips.uasset" 217
"d:/Users/Patrick/Documents/GitHub/heroquestdiceroller2/HeroQuestDiceRoller/Content/Mesh/d6/d6_new/Material.uasset" 218
"../../../Engine/Content/Animation/DefaultAnimCurveCompressionSettings.uasset" 219
"../../../Engine/Content/ArtTools/RenderToTexture/Meshes/S_1_Unit_Plane.uasset" 220
"../../../Engine/Content/EngineMaterials/DefaultMaterial.uasset" 221
"../../../Engine/Content/BasicShapes/Cone.uasset" 222
"../../../Engine/Content/BasicShapes/Cylinder.uasset" 223
"../../../Engine/Content/BasicShapes/Plane.uasset" 224
"../../../Engine/Content/BasicShapes/Sphere.uasset" 225
"../../../Engine/Content/EditorLandscapeResources/DataLayer.uasset" 226
"../../../Engine/Content/EditorMaterials/MAT_Groups_Toggle.uasset" 227
"../../../Engine/Content/EditorMaterials/MAT_Groups_Visibility.uasset" 228
"../../../Engine/Content/EditorMaterials/PreviewShadowIndicator.uasset" 229
"../../../Engine/Content/EditorMaterials/PreviewShadowIndicatorMaterial.uasset" 230
"../../../Engine/Content/EditorMaterials/MatineeGroups/MAT_ColorTrack.uasset" 231
"../../../Engine/Content/EditorMaterials/MatineeGroups/MAT_Groups_Anim.uasset" 232
"../../../Engine/Content/EditorMaterials/MatineeGroups/MAT_Groups_AudioMaster.uasset" 233
"../../../Engine/Content/EditorMaterials/MatineeGroups/MAT_Groups_Director.uasset" 234
"../../../Engine/Content/EditorMaterials/MatineeGroups/MAT_Groups_Event.uasset" 235
"../../../Engine/Content/EditorMaterials/MatineeGroups/MAT_Groups_Fade.uasset" 236
"../../../Engine/Content/EditorMaterials/MatineeGroups/MAT_Groups_Float.uasset" 237
"../../../Engine/Content/EditorMaterials/MatineeGroups/MAT_Groups_Move.uasset" 238
"../../../Engine/Content/EditorMaterials/MatineeGroups/MAT_Groups_Slomo.uasset" 239
"../../../Engine/Content/EditorMaterials/MatineeGroups/MAT_Groups_Sound.uasset" 240
"../../../Engine/Content/EditorMaterials/MatineeGroups/MAT_Groups_Vector.uasset" 241
"../../../Engine/Content/EditorMaterials/ParticleSystems/PSysThumbnail_NoImage.uasset" 242
"../../../Engine/Content/EditorMaterials/ParticleSystems/PSysThumbnail_OOD.uasset" 243
"../../../Engine/Content/EditorMaterials/Camera/CineMat.uasset" 244
"../../../Engine/Content/EditorMaterials/Camera/MI_CineMat_Rig.uasset" 245
"../../../Engine/Content/EditorMeshes/Camera/SM_CraneRig_Arm.uasset" 246
"../../../Engine/Content/EditorMeshes/Camera/SM_CraneRig_Base.uasset" 247
"../../../Engine/Content/EditorMeshes/Camera/SM_CraneRig_Body.uasset" 248
"../../../Engine/Content/EditorMeshes/Camera/SM_CraneRig_Mount.uasset" 249
"../../../Engine/Content/EditorMeshes/Camera/SM_RailRig_Mount.uasset" 250
"../../../Engine/Content/EditorMeshes/Camera/SM_RailRig_Track.uasset" 251
"../../../Engine/Content/EditorResources/BSPVertex.uasset" 252
"../../../Engine/Content/EditorResources/EmptyActor.uasset" 253
"../../../Engine/Content/EditorResources/S_Actor.uasset" 254
"../../../Engine/Content/EditorResources/S_Note.uasset" 255
"../../../Engine/Content/EditorResources/S_Solver.uasset" 256
"../../../Engine/Content/EditorResources/S_Trigger.uasset" 257
"../../../Engine/Content/EditorResources/LightIcons/S_LightError.uasset" 258
"../../../Engine/Content/EditorResources/SequenceRecorder/Countdown.uasset" 259
"../../../Engine/Content/EditorResources/SequenceRecorder/RecordingIndicator.uasset" 260
"../../../Engine/Content/EditorSounds/Notifications/CompileFailed.uasset" 261
"../../../Engine/Content/EditorSounds/Notifications/CompileFailed_Cue.uasset" 262
"../../../Engine/Content/EditorSounds/Notifications/CompileSuccess.uasset" 263
"../../../Engine/Content/EditorSounds/Notifications/CompileStart_Cue.uasset" 264
"../../../Engine/Content/EditorSounds/Notifications/CompileSuccess_Cue.uasset" 265
"../../../Engine/Content/EngineDamageTypes/DmgTypeBP_Environmental.uasset" 266
"../../../Engine/Content/EngineDebugMaterials/DebugEditorMaterial.uasset" 267
"../../../Engine/Content/EngineDebugMaterials/DebugMeshMaterial.uasset" 268
"../../../Engine/Content/EngineDebugMaterials/M_SimpleUnlitTranslucent.uasset" 269
"../../../Engine/Content/EngineDebugMaterials/VolumeToRender.uasset" 270
"../../../Engine/Content/EngineDebugMaterials/M_VolumeRenderSphereTracePP.uasset" 271
"../../../Engine/Content/EngineDebugMaterials/WireframeMaterial.uasset" 272
"../../../Engine/Content/EngineFonts/Faces/DroidSansFallback.uasset" 273
"../../../Engine/Content/EngineFonts/Faces/RobotoBold.uasset" 274
"../../../Engine/Content/EngineFonts/Faces/RobotoBoldItalic.uasset" 275
"../../../Engine/Content/EngineFonts/Faces/RobotoItalic.uasset" 276
"../../../Engine/Content/EngineFonts/Faces/RobotoLight.uasset" 277
"../../../Engine/Content/EngineFonts/Faces/RobotoRegular.uasset" 278
"../../../Engine/Content/EngineFonts/Roboto.uasset" 279
"../../../Engine/Content/EngineMaterials/BaseFlattenDiffuseMap.uasset" 280
"../../../Engine/Content/EngineMaterials/BaseFlattenEmissiveMap.uasset" 281
"../../../Engine/Content/EngineMaterials/BaseFlattenGrayscaleMap.uasset" 282
"../../../Engine/Content/EngineMaterials/BaseFlattenNormalMap.uasset" 283
"../../../Engine/Content/EngineMaterials/BaseFlattenMaterial.uasset" 284
"../../../Engine/Content/EngineMaterials/BlueNoise.uasset" 285
"../../../Engine/Content/EngineMaterials/DefaultBloomKernel.uasset" 286
"../../../Engine/Content/EngineMaterials/DefaultBokeh.uasset" 287
"../../../Engine/Content/EngineMaterials/DefaultDiffuse.uasset" 288
"../../../Engine/Content/EngineMaterials/DefaultDeferredDecalMaterial.uasset" 289
"../../../Engine/Content/EngineMaterials/DefaultLightFunctionMaterial.uasset" 290
"../../../Engine/Content/Functions/Engine_MaterialFunctions02/Utility/BreakOutFloat2Components.uasset" 291
"../../../Engine/Content/EngineMaterials/DefaultPostProcessMaterial.uasset" 292
"../../../Engine/Content/EngineFonts/RobotoDistanceField.uasset" 293
"../../../Engine/Content/EngineMaterials/DefaultTextMaterialOpaque.uasset" 294
"../../../Engine/Content/EngineMaterials/DefaultWhiteGrid.uasset" 295
"../../../Engine/Content/EngineMaterials/DefaultWhiteGrid_Low.uasset" 296
"../../../Engine/Content/EngineMaterials/EmissiveMeshMaterial.uasset" 297
"../../../Engine/Content/EngineMaterials/GizmoMaterial.uasset" 298
"../../../Engine/Content/EngineMaterials/MiniFont.uasset" 299
"../../../Engine/Content/EngineMaterials/InvalidLightmapSettings.uasset" 300
"../../../Engine/Content/EngineMaterials/M_InvalidLightmapSettings.uasset" 301
"../../../Engine/Content/Functions/Engine_MaterialFunctions02/WorldPositionOffset/CameraOffset.uasset" 302
"../../../Engine/Content/EngineMaterials/PhAT_JointLimitMaterial.uasset" 303
"../../../Engine/Content/EngineMaterials/PreintegratedSkinBRDF.uasset" 304
"../../../Engine/Content/EngineMaterials/RemoveSurfaceMaterial.uasset" 305
"../../../Engine/Content/EngineMaterials/WeightMapPlaceholderTexture.uasset" 306
"../../../Engine/Content/EngineResources/WhiteSquareTexture.uasset" 307
"../../../Engine/Content/EngineMaterials/Widget3DPassThrough.uasset" 308
"../../../Engine/Content/EngineMaterials/Widget3DPassThrough_Masked.uasset" 309
"../../../Engine/Content/EngineMaterials/Widget3DPassThrough_Opaque.uasset" 310
"../../../Engine/Content/EngineMaterials/Widget3DPassThrough_Masked_OneSided.uasset" 311
"../../../Engine/Content/EngineMaterials/Widget3DPassThrough_Opaque_OneSided.uasset" 312
"../../../Engine/Content/EngineMaterials/Widget3DPassThrough_Translucent.uasset" 313
"../../../Engine/Content/EngineMaterials/Widget3DPassThrough_Translucent_OneSided.uasset" 314
"../../../Engine/Content/EngineMeshes/Cube.uasset" 315
"../../../Engine/Content/EngineMeshes/Cylinder.uasset" 316
"../../../Engine/Content/EngineMeshes/Sphere.uasset" 317
"../../../Engine/Content/EngineResources/Black.uasset" 318
"../../../Engine/Content/EngineResources/DefaultTexture.uasset" 319
"../../../Engine/Content/EngineResources/DefaultTextureCube.uasset" 320
"../../../Engine/Content/EngineResources/DefaultVolumeTexture2D.uasset" 321
"../../../Engine/Content/EngineResources/DefaultVolumeTexture.uasset" 322
"../../../Engine/Content/EngineResources/GradientTexture0.uasset" 323
"../../../Engine/Content/EngineSounds/Master.uasset" 324
"../../../Engine/Content/Functions/Engine_MaterialFunctions01/Shading/ConvertFromDiffSpec.uasset" 325
"../../../Engine/Content/Functions/Engine_MaterialFunctions01/Shading/PowerToRoughness.uasset" 326
"../../../Engine/Content/Maps/Templates/Thumbnails/Default.uasset" 327
"../../../Engine/Content/Maps/Templates/Thumbnails/TimeOfDay.uasset" 328
"../../../Engine/Content/Maps/Templates/Thumbnails/VR-Basic.uasset" 329
"../../../Engine/Content/MobileResources/T_MobileControls_texture.uasset" 330
"../../../Engine/Content/MobileResources/T_MobileMenu2.uasset" 331
"../../../Engine/Content/MobileResources/HUD/AnalogHat.uasset" 332
"../../../Engine/Content/MobileResources/HUD/VirtualJoystick_Background.uasset" 333
"../../../Engine/Content/MobileResources/HUD/VirtualJoystick_Thumb.uasset" 334
"../../../Engine/Content/MobileResources/HUD/DefaultVirtualJoysticks.uasset" 335
"../../../Engine/Content/MobileResources/HUD/LeftVirtualJoystickOnly.uasset" 336
"../../../Engine/Content/MobileResources/HUD/MobileHUDButton1_off.uasset" 337
"../../../Engine/Content/MobileResources/HUD/MobileHUDButton1_on.uasset" 338
"../../../Engine/Content/MobileResources/HUD/MobileHUDButton2_off.uasset" 339
"../../../Engine/Content/MobileResources/HUD/MobileHUDButton2_on.uasset" 340
"../../../Engine/Content/MobileResources/HUD/MobileHUDButton3.uasset" 341
"../../../Engine/Content/MobileResources/HUD/MobileHUDButtonFire.uasset" 342
"../../../Engine/Content/MobileResources/HUD/MobileHUDDirectionPad.uasset" 343
"../../../Engine/Content/MobileResources/HUD/MobileHUDDirectionPad2.uasset" 344
"../../../Engine/Content/MobileResources/HUD/MobileHUDDirectionPad3.uasset" 345
"../../../Engine/Content/MobileResources/HUD/MobileHUDDirectionStick.uasset" 346
"../../../Engine/Content/MobileResources/HUD/T_Castle_ThumbstickInner.uasset" 347
"../../../Engine/Content/MobileResources/HUD/T_Castle_ThumbstickOutter.uasset" 348
"../../../Engine/Content/Tutorial/ContentIntroCurve.uasset" 349
"../../../Engine/Content/Tutorial/Basics/LevelEditorAttract.uasset" 350
"../../../Engine/Content/Tutorial/Basics/TutorialAssets/icon_tab_Levels_40x.uasset" 351
"../../../Engine/Content/Tutorial/Basics/LevelEditorOverview.uasset" 352
"../../../Engine/Content/Tutorial/BlueprintTutorials/TutorialAssets/Blueprint_64x.uasset" 353
"../../../Engine/Content/Tutorial/BlueprintTutorials/BlueprintEditorTutorial.uasset" 354
"../../../Engine/Content/Tutorial/Code/AddingCode.uasset" 355
"../../../Engine/Content/Tutorial/SubEditors/GettingSubstance.uasset" 356
"../../../Engine/Content/Tutorial/SubEditors/StaticMeshEditorTutorial.uasset" 357
"../../../Engine/Content/VREditor/LaserPointer/VR_LaserPower_01.uasset" 358
"../../../Engine/Content/VREditor/TransformGizmo/TransformGizmoMaterial.uasset" 359
"../../../Engine/Content/VREditor/TransformGizmo/TranslucentTransformGizmoMaterial.uasset" 360
"../../../Engine/Content/VREditor/TransformGizmo/BoundingBoxCorner.uasset" 361
"../../../Engine/Content/VREditor/TransformGizmo/BoundingBoxEdge.uasset" 362
"../../../Engine/Content/VREditor/TransformGizmo/PlaneTranslationHandle.uasset" 363
"../../../Engine/Content/VREditor/TransformGizmo/Main.uasset" 364
"../../../Engine/Content/VREditor/TransformGizmo/Xray.uasset" 365
"../../../Engine/Content/VREditor/TransformGizmo/SM_Sequencer_Key.uasset" 366
"../../../Engine/Content/VREditor/TransformGizmo/SM_Sequencer_Node.uasset" 367
"../../Plugins/2D/Paper2D/Content/PlaceholderTextures/DummySpriteTexture.uasset" 368
"../../Plugins/2D/Paper2D/Content/DummySprite.uasset" 369
"../../Plugins/2D/Paper2D/Content/DefaultPaperTerrainMaterial.uasset" 370
"../../Plugins/2D/Paper2D/Content/DefaultSpriteMaterial.uasset" 371
"../../Plugins/2D/Paper2D/Content/MaskedUnlitSpriteMaterial.uasset" 372
"../../Plugins/2D/Paper2D/Content/OpaqueUnlitSpriteMaterial.uasset" 373
"../../Plugins/FX/Niagara/Content/Enums/ENiagaraBooleanLogicOps.uasset" 374
"../../Plugins/FX/Niagara/Content/Enums/ENiagaraCoordinateSpace.uasset" 375
"../../Plugins/FX/Niagara/Content/Enums/ENiagaraExpansionMode.uasset" 376
"../../Plugins/FX/Niagara/Content/Enums/ENiagaraOrientationAxis.uasset" 377
"../../Plugins/FX/Niagara/Content/Enums/ENiagaraRandomnessMode.uasset" 378
"../../../Engine/Content/Functions/Engine_MaterialFunctions02/Utility/BreakOutFloat4Components.uasset" 379
"../../../Engine/Content/Functions/Engine_MaterialFunctions02/Utility/MakeFloat2.uasset" 380
"../../../Engine/Content/Functions/Engine_MaterialFunctions02/Utility/MakeFloat3.uasset" 381
"../../Plugins/Runtime/Oculus/OculusVR/Content/Materials/OculusMR_ChromaKey.uasset" 382
"../../Plugins/Runtime/Oculus/OculusVR/Content/Materials/OculusMR_ChromaKey_Lit.uasset" 383
"../../Plugins/Runtime/Oculus/OculusVR/Content/Materials/OculusMR_OpaqueColoredMaterial.uasset" 384
"../../Plugins/Runtime/Oculus/OculusVR/Content/Materials/OculusMR_WhiteMaterial.uasset" 385
"../../../Engine/Content/EngineSky/C_Sky_Cloud_Color.uasset" 386
"../../../Engine/Content/EngineSky/C_Sky_Horizon_Color.uasset" 387
"../../../Engine/Content/EngineSky/C_Sky_Zenith_Color.uasset" 388
"../../../Engine/Content/EngineSky/T_Sky_Blue.uasset" 389
"../../../Engine/Content/EngineSky/T_Sky_Clouds_M.uasset" 390
"../../../Engine/Content/EngineSky/T_Sky_Stars.uasset" 391
"../../../Engine/Content/EngineSky/M_Sky_Panning_Clouds2.uasset" 392
"../../../Engine/Content/EngineSky/SM_SkySphere.uasset" 393
"../../../Engine/Content/EngineSky/BP_Sky_Sphere.uasset" 394
"d:/Users/Patrick/Documents/GitHub/heroquestdiceroller2/HeroQuestDiceRoller/Content/MedievalDungeon/Materials/M_Torch_Flicker_Light_Function.uasset" 395
"d:/Users/Patrick/Documents/GitHub/heroquestdiceroller2/HeroQuestDiceRoller/Content/MedievalDungeon/Textures/T_Torch_A.uasset" 396
"d:/Users/Patrick/Documents/GitHub/heroquestdiceroller2/HeroQuestDiceRoller/Content/MedievalDungeon/Textures/T_Torch_C.uasset" 397
"d:/Users/Patrick/Documents/GitHub/heroquestdiceroller2/HeroQuestDiceRoller/Content/MedievalDungeon/Textures/T_Torch_N.uasset" 398
"d:/Users/Patrick/Documents/GitHub/heroquestdiceroller2/HeroQuestDiceRoller/Content/MedievalDungeon/Materials/M_Torch_Inst.uasset" 399
"d:/Users/Patrick/Documents/GitHub/heroquestdiceroller2/HeroQuestDiceRoller/Content/MedievalDungeon/Meshes/Props/SM_Torch.uasset" 400
"d:/Users/Patrick/Documents/GitHub/heroquestdiceroller2/HeroQuestDiceRoller/Content/MedievalDungeon/Particles/P_Torch_Fire.uasset" 401
"d:/Users/Patrick/Documents/GitHub/heroquestdiceroller2/HeroQuestDiceRoller/Content/MedievalDungeon/Blueprints/BP_Torch.uasset" 402
"../../../Engine/Content/BasicShapes/BasicShapeMaterial.uasset" 403
"../../../Engine/Content/BasicShapes/Cube.uasset" 404
"../../../Engine/Content/EngineMaterials/DefaultPhysicalMaterial.uasset" 405
"../../../Engine/Content/MapTemplates/SM_Template_Map_Floor.uasset" 406
"d:/Users/Patrick/Documents/GitHub/heroquestdiceroller2/HeroQuestDiceRoller/Content/MedievalDungeon/Meshes/Architecture/Dungeon/SM_Ceiling_Arch_A.uasset" 407
"d:/Users/Patrick/Documents/GitHub/heroquestdiceroller2/HeroQuestDiceRoller/Content/MedievalDungeon/Textures/T_Decorative_Arches_A.uasset" 408
"d:/Users/Patrick/Documents/GitHub/heroquestdiceroller2/HeroQuestDiceRoller/Content/MedievalDungeon/Textures/T_Decorative_Arches_C.uasset" 409
"d:/Users/Patrick/Documents/GitHub/heroquestdiceroller2/HeroQuestDiceRoller/Content/MedievalDungeon/Textures/T_Decorative_Arches_N.uasset" 410
"d:/Users/Patrick/Documents/GitHub/heroquestdiceroller2/HeroQuestDiceRoller/Content/MedievalDungeon/Materials/M_Decorative_Arches_Inst.uasset" 411
"d:/Users/Patrick/Documents/GitHub/heroquestdiceroller2/HeroQuestDiceRoller/Content/MedievalDungeon/Meshes/Architecture/Dungeon/SM_Decorative_Arches.uasset" 412
"d:/Users/Patrick/Documents/GitHub/heroquestdiceroller2/HeroQuestDiceRoller/Content/MedievalDungeon/Meshes/Architecture/Dungeon/SM_Edge_Stones.uasset" 413
"d:/Users/Patrick/Documents/GitHub/heroquestdiceroller2/HeroQuestDiceRoller/Content/MedievalDungeon/Meshes/Architecture/Dungeon/SM_Floor.uasset" 414
"d:/Users/Patrick/Documents/GitHub/heroquestdiceroller2/HeroQuestDiceRoller/Content/MedievalDungeon/Meshes/Architecture/Dungeon/SM_Stairs_10.uasset" 415
"d:/Users/Patrick/Documents/GitHub/heroquestdiceroller2/HeroQuestDiceRoller/Content/MedievalDungeon/Meshes/Props/SM_Decor_Chains_A.uasset" 416
"d:/Users/Patrick/Documents/GitHub/heroquestdiceroller2/HeroQuestDiceRoller/Content/Mesh/Tower/baffles.uasset" 417
"d:/Users/Patrick/Documents/GitHub/heroquestdiceroller2/HeroQuestDiceRoller/Content/Mesh/Tower/Inner_Walls.uasset" 418
"d:/Users/Patrick/Documents/GitHub/heroquestdiceroller2/HeroQuestDiceRoller/Content/Mesh/Tower/tower_texture_test.uasset" 419
"d:/Users/Patrick/Documents/GitHub/heroquestdiceroller2/HeroQuestDiceRoller/Content/Mesh/Tower/tower.uasset" 420
"d:/Users/Patrick/Documents/GitHub/heroquestdiceroller2/HeroQuestDiceRoller/Content/Mesh/Tower/Dice_tower.uasset" 421
"d:/Users/Patrick/Documents/GitHub/heroquestdiceroller2/HeroQuestDiceRoller/Content/Maps/GameLvl_pb.umap" 422
"d:/Users/Patrick/Documents/GitHub/heroquestdiceroller2/HeroQuestDiceRoller/Content/Maps/Menu_BuiltData.uasset" 423
"d:/Users/Patrick/Documents/GitHub/heroquestdiceroller2/HeroQuestDiceRoller/Content/Maps/Menu.umap" 424
"d:/Users/Patrick/Documents/GitHub/heroquestdiceroller2/HeroQuestDiceRoller/Content/Maps/Online_BuiltData.uasset" 425
"d:/Users/Patrick/Documents/GitHub/heroquestdiceroller2/HeroQuestDiceRoller/Content/Maps/Online.umap" 426
"../../../Engine/Content/Maps/Entry_BuiltData.uasset" 427
"../../../Engine/Content/Maps/Entry.umap" 428
